692336.750000
69905.500000
1314768.000000
1204 1092
142.270000
bk15a 0 0 119 266
bk2 777 553 910 847
bk5c 644 756 777 987
bk13 1064 0 1204 497
bk5b 777 847 910 1022
bk8b 119 119 245 497
bk10a 0 350 119 728
bk9b 119 497 238 616
bk17b 378 546 581 728
bk5a 910 588 1043 728
bk14c 455 322 574 483
bk20 574 0 924 182
bk14a 455 0 574 196
bk14b 574 182 693 476
bk17a 693 182 875 553
bk12 924 0 1064 406
bk10b 245 406 406 546
bk3 378 728 511 1043
bk9d 119 616 238 700
bk6 910 728 1043 1043
bk11 0 728 119 903
bk10c 238 546 357 595
bk4 1043 497 1176 1057
bk7 924 406 1022 588
bk9c 119 700 238 1057
bk8a 245 196 455 406
bk9a 238 595 357 777
bk15b 119 0 455 119
bk16 455 196 574 322
bk18 581 553 763 756
bk19 0 266 119 350
bk21 238 777 378 1092
bk1 511 756 644 1092
