20580570.500000
963893.000000
40197248.000000
5278 7616
63.020000
M001 0 0 3234 1708
M009 1904 6146 2366 7126
M013 4774 1554 5040 2226
M040 0 5740 392 6608
M015 4354 5642 5194 6048
M016 4438 4844 4760 5642
M034 4186 0 4746 1148
M032 3234 1890 4018 2268
M002 2254 5446 3808 6118
M019 1904 4634 2730 5026
M048 3668 2268 4396 3570
M028 392 4788 1456 5306
M031 3080 4368 3472 5418
M020 1904 5026 2702 5278
M029 1414 5754 1904 6748
M007 1904 5278 2254 6146
M021 4354 6048 5180 6440
M005 1610 3150 2142 4536
M039 0 4956 364 5740
M017 4760 4844 5152 5600
M025 4116 3570 4438 4354
M026 2730 4634 3080 5362
M033 3234 0 4186 1890
M047 2856 2268 3668 2702
M045 4396 2380 5068 3542
M036 2814 2702 3262 3696
M011 4396 1554 4774 2380
M010 1610 1708 2226 2002
M030 2366 6118 3094 7420
M027 1498 4788 1862 5628
M023 3864 4354 4354 5488
M038 532 5306 1498 5754
M012 4186 1148 4984 1554
M042 0 4788 378 4956
M041 3094 6118 3948 6482
M004 0 1708 1610 4788
M003 3094 6482 5278 7490
M008 1610 2002 2856 2646
M006 532 5754 1414 7616
M037 2142 3150 2702 4368
M049 3262 2702 3654 3444
M014 2940 3962 3864 4368
M046 1610 2646 2814 3150
M022 3948 5488 4312 6440
M024 2142 4368 2940 4634
M044 4438 3542 5068 4844
M043 0 6608 532 7518
M035 3262 3570 4116 3962
M018 3472 4368 3864 5446
